<?xml version="1.0" encoding="UTF-8" ?>
<testsuite failures="0" time="0.131" errors="0" skipped="0" tests="9" name="com.gsu.petclinic.domain.VetIntegrationTest">
  <properties>
    <property name="java.runtime.name" value="Java(TM) SE Runtime Environment"/>
    <property name="sun.boot.library.path" value="C:\Program Files (x86)\Java\jdk1.6.0_22\jre\bin"/>
    <property name="java.vm.version" value="17.1-b03"/>
    <property name="java.vm.vendor" value="Sun Microsystems Inc."/>
    <property name="java.vendor.url" value="http://java.sun.com/"/>
    <property name="path.separator" value=";"/>
    <property name="guice.disable.misplaced.annotation.check" value="true"/>
    <property name="java.vm.name" value="Java HotSpot(TM) Client VM"/>
    <property name="file.encoding.pkg" value="sun.io"/>
    <property name="user.country" value="US"/>
    <property name="sun.java.launcher" value="SUN_STANDARD"/>
    <property name="sun.os.patch.level" value="Service Pack 1"/>
    <property name="java.vm.specification.name" value="Java Virtual Machine Specification"/>
    <property name="user.dir" value="C:\Users\JMiller\code\java\petshop"/>
    <property name="java.runtime.version" value="1.6.0_22-b04"/>
    <property name="java.awt.graphicsenv" value="sun.awt.Win32GraphicsEnvironment"/>
    <property name="java.endorsed.dirs" value="C:\Program Files (x86)\Java\jdk1.6.0_22\jre\lib\endorsed"/>
    <property name="os.arch" value="x86"/>
    <property name="java.io.tmpdir" value="C:\Users\JMiller\AppData\Local\Temp\"/>
    <property name="line.separator" value="
"/>
    <property name="java.vm.specification.vendor" value="Sun Microsystems Inc."/>
    <property name="user.variant" value=""/>
    <property name="os.name" value="Windows 7"/>
    <property name="classworlds.conf" value="F:\opt\apache-maven-3.0.5\bin\..\bin\m2.conf"/>
    <property name="sun.jnu.encoding" value="Cp1252"/>
    <property name="java.library.path" value="C:\Program Files (x86)\Java\jdk1.6.0_22\bin;.;C:\Windows\Sun\Java\bin;C:\Windows\system32;C:\Windows;C:\Program Files (x86)\PuTTY;C:\Program Files (x86)\NVIDIA Corporation\PhysX\Common;%JAVA_HOME\bin;C:\Program Files\Intel\Media SDK 2012 R2\bin\x64;C:\Program Files\Intel\Media SDK 2012 R2\bin\win32;C:\Windows\system32;C:\Windows;C:\Windows\System32\Wbem;C:\Windows\System32\WindowsPowerShell\v1.0\;C:\Program Files\Intel\WiFi\bin\;C:\Program Files\Common Files\Intel\WirelessCommon\;C:\ProgramData\NVIDIA Corporation\NVIDIA GPU Computing SDK 4.2\C\common\bin;C:\Program Files\Microsoft Windows Performance Toolkit\;C:\Program Files (x86)\Calibre2\;C:\Program Files\Perforce;C:\Program Files\TortoiseSVN\bin;C:\Program Files\doxygen\bin;C:\Program Files (x86)\Graphviz 2.28\bin;C:\Program Files (x86)\Git\cmd;C:\Program Files (x86)\Liquid Technologies\Liquid XML Studio 2012\XmlDataBinder10\Redist10\cpp\win32\bin;C:\Program Files\Mercurial\;C:\Program Files (x86)\QuickTime\QTSystem\;C:\usr_share\Groovy\Groovy-2.0.5\bin;C:\Program Files (x86)\scala\\bin;C:\Program Files (x86)\sbt\;C:\Program Files\Microsoft\Web Platform Installer\;C:\Program Files (x86)\Microsoft ASP.NET\ASP.NET Web Pages\v1.0\;C:\Program Files (x86)\Windows Kits\8.0\Windows Performance Toolkit\;C:\Program Files\Microsoft SQL Server\110\Tools\Binn\;C:\Program Files (x86)\Mercurial\;F:\opt\apache-maven-3.0.5\bin;C:\Program Files (x86)\nodejs\;F:\opt\spring-roo-1.2.3.RELEASE\bin;F:\opt\spring-roo-1.2.3.RELEASE\bin;C:\Program Files (x86)\PuTTY;C:\Users\JMiller\Downloads\Console2;C:\Program Files (x86)\Java\jdk1.6.0_22\bin;C:\Program Files\Intel\WiFi\bin\;C:\Program Files\Common Files\Intel\WirelessCommon\;C:\installs\apache-maven-3.0.4\bin;C:\Program Files (x86)\Notepad++;C:\Program Files (x86)\PuTTY;C:\Program Files (x86)\CMake 2.8\bin;C:\Program Files\Perforce\Server;C:\etc\apache-ant-1.8.4\bin;C:\Program Files (x86)\gradle-1.2\bin;C:\etc\apache-ant-1.8.4\bin;C:\Python27;C:\usr_share\Groovy\Groovy-2.0.5\bin;C:\Program Files (x86)\Microsoft Visual Studio 10.0\VC\bin;C:\Program Files (x86)\Nmap;C:\Users\JMiller\Downloads\spring-roo-1.2.3.RELEASE\spring-roo-1.2.3.RELEASE\bin;F:\opt\adt-bundle-windows-x86_64-20130219\adt-bundle-windows-x86_64-20130219\sdk\tools\lib;C:\Users\JMiller\AppData\Roaming\npm"/>
    <property name="java.specification.name" value="Java Platform API Specification"/>
    <property name="java.class.version" value="50.0"/>
    <property name="sun.management.compiler" value="HotSpot Client Compiler"/>
    <property name="os.version" value="6.1"/>
    <property name="user.home" value="C:\Users\JMiller"/>
    <property name="user.timezone" value="America/New_York"/>
    <property name="java.awt.printerjob" value="sun.awt.windows.WPrinterJob"/>
    <property name="file.encoding" value="Cp1252"/>
    <property name="java.specification.version" value="1.6"/>
    <property name="user.name" value="JMiller"/>
    <property name="java.class.path" value="F:\opt\apache-maven-3.0.5\bin\..\boot\plexus-classworlds-2.4.jar"/>
    <property name="java.vm.specification.version" value="1.0"/>
    <property name="sun.arch.data.model" value="32"/>
    <property name="java.home" value="C:\Program Files (x86)\Java\jdk1.6.0_22\jre"/>
    <property name="java.specification.vendor" value="Sun Microsystems Inc."/>
    <property name="user.language" value="en"/>
    <property name="awt.toolkit" value="sun.awt.windows.WToolkit"/>
    <property name="java.vm.info" value="mixed mode, sharing"/>
    <property name="java.version" value="1.6.0_22"/>
    <property name="java.ext.dirs" value="C:\Program Files (x86)\Java\jdk1.6.0_22\jre\lib\ext;C:\Windows\Sun\Java\lib\ext"/>
    <property name="sun.boot.class.path" value="C:\Program Files (x86)\Java\jdk1.6.0_22\jre\lib\resources.jar;C:\Program Files (x86)\Java\jdk1.6.0_22\jre\lib\rt.jar;C:\Program Files (x86)\Java\jdk1.6.0_22\jre\lib\sunrsasign.jar;C:\Program Files (x86)\Java\jdk1.6.0_22\jre\lib\jsse.jar;C:\Program Files (x86)\Java\jdk1.6.0_22\jre\lib\jce.jar;C:\Program Files (x86)\Java\jdk1.6.0_22\jre\lib\charsets.jar;C:\Program Files (x86)\Java\jdk1.6.0_22\jre\classes"/>
    <property name="java.vendor" value="Sun Microsystems Inc."/>
    <property name="maven.home" value="F:\opt\apache-maven-3.0.5\bin\.."/>
    <property name="file.separator" value="\"/>
    <property name="java.vendor.url.bug" value="http://java.sun.com/cgi-bin/bugreport.cgi"/>
    <property name="sun.cpu.endian" value="little"/>
    <property name="sun.io.unicode.encoding" value="UnicodeLittle"/>
    <property name="sun.desktop" value="windows"/>
    <property name="sun.cpu.isalist" value="pentium_pro+mmx pentium_pro pentium+mmx pentium i486 i386 i86"/>
  </properties>
  <testcase time="0.004" classname="com.gsu.petclinic.domain.VetIntegrationTest" name="testMarkerMethod"/>
  <testcase time="0.035" classname="com.gsu.petclinic.domain.VetIntegrationTest" name="testFlush"/>
  <testcase time="0.014" classname="com.gsu.petclinic.domain.VetIntegrationTest" name="testMergeUpdate"/>
  <testcase time="0.016" classname="com.gsu.petclinic.domain.VetIntegrationTest" name="testPersist"/>
  <testcase time="0.013" classname="com.gsu.petclinic.domain.VetIntegrationTest" name="testRemove"/>
  <testcase time="0.015" classname="com.gsu.petclinic.domain.VetIntegrationTest" name="testCountVets"/>
  <testcase time="0.011" classname="com.gsu.petclinic.domain.VetIntegrationTest" name="testFindVet"/>
  <testcase time="0.012" classname="com.gsu.petclinic.domain.VetIntegrationTest" name="testFindAllVets"/>
  <testcase time="0.011" classname="com.gsu.petclinic.domain.VetIntegrationTest" name="testFindVetEntries"/>
</testsuite>